<?xml version="1.0" encoding="UTF-8"?>
<!-- Generated by org.testng.reporters.JUnitXMLReporter -->
<testsuite ignored="2" hostname="DESKTOP-EMKECK1" failures="0" tests="2" name="Test" time="7.327" errors="0" timestamp="2025-10-09T15:50:06 IST">
  <testcase classname="testScripts.LoginTest" name="verifyWheterUserisAbleToLoginWithValidCredentials" time="2.053"/>
  <testcase classname="testScripts.LoginTest" name="verifyWheteherUserisAbleToLoginWithInvalidCredentials" time="0.777"/>
  <testcase classname="testScripts.LoginTest" name="verifyWhetherUserisAbleToLoginWithInvalidUsernameValidPaswrd" time="0.0">
    <ignored/>
  </testcase> <!-- verifyWhetherUserisAbleToLoginWithInvalidUsernameValidPaswrd -->
  <testcase classname="testScripts.LoginTest" name="verifyWhetherUserisAbleToLoginWithValidUsernameInvalidPaswrd" time="0.0">
    <ignored/>
  </testcase> <!-- verifyWhetherUserisAbleToLoginWithValidUsernameInvalidPaswrd -->
</testsuite> <!-- Test -->
