<?xml version="1.0" encoding="UTF-8"?>
<!-- Generated by org.testng.reporters.JUnitXMLReporter -->
<testsuite ignored="0" hostname="DESKTOP-EMKECK1" failures="0" tests="4" name="Test1" time="16.286" errors="0" timestamp="2025-10-10T18:53:38 IST">
  <testcase classname="testScripts.LoginTest" name="verifyWheterUserisAbleToLoginWithValidCredentials" time="3.296"/>
  <testcase classname="testScripts.LoginTest" name="verifyWheteherUserisAbleToLoginWithInvalidCredentials" time="0.744"/>
  <testcase classname="testScripts.LoginTest" name="verifyWhetherUserisAbleToLoginWithValidUsernameInvalidPaswrd" time="0.652"/>
  <testcase classname="testScripts.LoginTest" name="verifyWhetherUserisAbleToLoginWithInvalidUsernameValidPaswrd" time="0.672"/>
</testsuite> <!-- Test1 -->
